<?xml version="1.0" encoding="UTF-8"?>
<testsuite xmlns:xsi="http://www.w3.org/2001/XMLSchema-instance" xsi:noNamespaceSchemaLocation="https://maven.apache.org/surefire/maven-surefire-plugin/xsd/surefire-test-report-3.0.xsd" version="3.0" name="com.example.UserMS.RepositoryTest" time="0.021" tests="9" errors="0" skipped="0" failures="0">
  <properties>
    <property name="java.specification.version" value="23"/>
    <property name="sun.jnu.encoding" value="UTF-8"/>
    <property name="java.class.path" value="/Users/kareemelewa/Desktop/FinalProject-100-Idk/UserMS/target/test-classes:/Users/kareemelewa/Desktop/FinalProject-100-Idk/UserMS/target/classes:/Users/kareemelewa/.m2/repository/org/springframework/boot/spring-boot-starter-amqp/3.2.3/spring-boot-starter-amqp-3.2.3.jar:/Users/kareemelewa/.m2/repository/org/springframework/boot/spring-boot-starter/3.2.3/spring-boot-starter-3.2.3.jar:/Users/kareemelewa/.m2/repository/org/springframework/boot/spring-boot-starter-logging/3.2.3/spring-boot-starter-logging-3.2.3.jar:/Users/kareemelewa/.m2/repository/org/apache/logging/log4j/log4j-to-slf4j/2.21.1/log4j-to-slf4j-2.21.1.jar:/Users/kareemelewa/.m2/repository/org/apache/logging/log4j/log4j-api/2.21.1/log4j-api-2.21.1.jar:/Users/kareemelewa/.m2/repository/org/slf4j/jul-to-slf4j/2.0.12/jul-to-slf4j-2.0.12.jar:/Users/kareemelewa/.m2/repository/jakarta/annotation/jakarta.annotation-api/2.1.1/jakarta.annotation-api-2.1.1.jar:/Users/kareemelewa/.m2/repository/org/yaml/snakeyaml/2.2/snakeyaml-2.2.jar:/Users/kareemelewa/.m2/repository/org/springframework/spring-messaging/6.1.4/spring-messaging-6.1.4.jar:/Users/kareemelewa/.m2/repository/org/springframework/spring-beans/6.1.4/spring-beans-6.1.4.jar:/Users/kareemelewa/.m2/repository/org/springframework/amqp/spring-rabbit/3.1.2/spring-rabbit-3.1.2.jar:/Users/kareemelewa/.m2/repository/org/springframework/amqp/spring-amqp/3.1.2/spring-amqp-3.1.2.jar:/Users/kareemelewa/.m2/repository/com/rabbitmq/amqp-client/5.19.0/amqp-client-5.19.0.jar:/Users/kareemelewa/.m2/repository/org/springframework/boot/spring-boot-starter-data-jpa/3.2.3/spring-boot-starter-data-jpa-3.2.3.jar:/Users/kareemelewa/.m2/repository/org/springframework/boot/spring-boot-starter-aop/3.2.3/spring-boot-starter-aop-3.2.3.jar:/Users/kareemelewa/.m2/repository/org/springframework/spring-aop/6.1.4/spring-aop-6.1.4.jar:/Users/kareemelewa/.m2/repository/org/aspectj/aspectjweaver/1.9.21/aspectjweaver-1.9.21.jar:/Users/kareemelewa/.m2/repository/org/springframework/boot/spring-boot-starter-jdbc/3.2.3/spring-boot-starter-jdbc-3.2.3.jar:/Users/kareemelewa/.m2/repository/com/zaxxer/HikariCP/5.0.1/HikariCP-5.0.1.jar:/Users/kareemelewa/.m2/repository/org/springframework/spring-jdbc/6.1.4/spring-jdbc-6.1.4.jar:/Users/kareemelewa/.m2/repository/org/hibernate/orm/hibernate-core/6.4.4.Final/hibernate-core-6.4.4.Final.jar:/Users/kareemelewa/.m2/repository/jakarta/persistence/jakarta.persistence-api/3.1.0/jakarta.persistence-api-3.1.0.jar:/Users/kareemelewa/.m2/repository/jakarta/transaction/jakarta.transaction-api/2.0.1/jakarta.transaction-api-2.0.1.jar:/Users/kareemelewa/.m2/repository/org/jboss/logging/jboss-logging/3.5.3.Final/jboss-logging-3.5.3.Final.jar:/Users/kareemelewa/.m2/repository/org/hibernate/common/hibernate-commons-annotations/6.0.6.Final/hibernate-commons-annotations-6.0.6.Final.jar:/Users/kareemelewa/.m2/repository/io/smallrye/jandex/3.1.2/jandex-3.1.2.jar:/Users/kareemelewa/.m2/repository/com/fasterxml/classmate/1.6.0/classmate-1.6.0.jar:/Users/kareemelewa/.m2/repository/net/bytebuddy/byte-buddy/1.14.12/byte-buddy-1.14.12.jar:/Users/kareemelewa/.m2/repository/org/glassfish/jaxb/jaxb-runtime/4.0.4/jaxb-runtime-4.0.4.jar:/Users/kareemelewa/.m2/repository/org/glassfish/jaxb/jaxb-core/4.0.4/jaxb-core-4.0.4.jar:/Users/kareemelewa/.m2/repository/org/eclipse/angus/angus-activation/2.0.1/angus-activation-2.0.1.jar:/Users/kareemelewa/.m2/repository/org/glassfish/jaxb/txw2/4.0.4/txw2-4.0.4.jar:/Users/kareemelewa/.m2/repository/com/sun/istack/istack-commons-runtime/4.1.2/istack-commons-runtime-4.1.2.jar:/Users/kareemelewa/.m2/repository/jakarta/inject/jakarta.inject-api/2.0.1/jakarta.inject-api-2.0.1.jar:/Users/kareemelewa/.m2/repository/org/antlr/antlr4-runtime/4.13.0/antlr4-runtime-4.13.0.jar:/Users/kareemelewa/.m2/repository/org/springframework/data/spring-data-jpa/3.2.3/spring-data-jpa-3.2.3.jar:/Users/kareemelewa/.m2/repository/org/springframework/data/spring-data-commons/3.2.3/spring-data-commons-3.2.3.jar:/Users/kareemelewa/.m2/repository/org/springframework/spring-orm/6.1.4/spring-orm-6.1.4.jar:/Users/kareemelewa/.m2/repository/org/slf4j/slf4j-api/2.0.12/slf4j-api-2.0.12.jar:/Users/kareemelewa/.m2/repository/org/springframework/spring-aspects/6.1.4/spring-aspects-6.1.4.jar:/Users/kareemelewa/.m2/repository/org/springframework/boot/spring-boot-starter-data-rest/3.2.3/spring-boot-starter-data-rest-3.2.3.jar:/Users/kareemelewa/.m2/repository/org/springframework/data/spring-data-rest-webmvc/4.2.3/spring-data-rest-webmvc-4.2.3.jar:/Users/kareemelewa/.m2/repository/org/springframework/data/spring-data-rest-core/4.2.3/spring-data-rest-core-4.2.3.jar:/Users/kareemelewa/.m2/repository/org/springframework/hateoas/spring-hateoas/2.2.0/spring-hateoas-2.2.0.jar:/Users/kareemelewa/.m2/repository/org/springframework/plugin/spring-plugin-core/3.0.0/spring-plugin-core-3.0.0.jar:/Users/kareemelewa/.m2/repository/org/atteo/evo-inflector/1.3/evo-inflector-1.3.jar:/Users/kareemelewa/.m2/repository/com/fasterxml/jackson/core/jackson-databind/2.15.4/jackson-databind-2.15.4.jar:/Users/kareemelewa/.m2/repository/com/fasterxml/jackson/core/jackson-core/2.15.4/jackson-core-2.15.4.jar:/Users/kareemelewa/.m2/repository/com/fasterxml/jackson/core/jackson-annotations/2.15.4/jackson-annotations-2.15.4.jar:/Users/kareemelewa/.m2/repository/org/springframework/boot/spring-boot-starter-web/3.2.3/spring-boot-starter-web-3.2.3.jar:/Users/kareemelewa/.m2/repository/org/springframework/boot/spring-boot-starter-json/3.2.3/spring-boot-starter-json-3.2.3.jar:/Users/kareemelewa/.m2/repository/com/fasterxml/jackson/datatype/jackson-datatype-jdk8/2.15.4/jackson-datatype-jdk8-2.15.4.jar:/Users/kareemelewa/.m2/repository/com/fasterxml/jackson/datatype/jackson-datatype-jsr310/2.15.4/jackson-datatype-jsr310-2.15.4.jar:/Users/kareemelewa/.m2/repository/com/fasterxml/jackson/module/jackson-module-parameter-names/2.15.4/jackson-module-parameter-names-2.15.4.jar:/Users/kareemelewa/.m2/repository/org/springframework/boot/spring-boot-starter-tomcat/3.2.3/spring-boot-starter-tomcat-3.2.3.jar:/Users/kareemelewa/.m2/repository/org/apache/tomcat/embed/tomcat-embed-core/10.1.19/tomcat-embed-core-10.1.19.jar:/Users/kareemelewa/.m2/repository/org/apache/tomcat/embed/tomcat-embed-websocket/10.1.19/tomcat-embed-websocket-10.1.19.jar:/Users/kareemelewa/.m2/repository/org/springframework/spring-web/6.1.4/spring-web-6.1.4.jar:/Users/kareemelewa/.m2/repository/org/springframework/spring-webmvc/6.1.4/spring-webmvc-6.1.4.jar:/Users/kareemelewa/.m2/repository/org/springframework/spring-expression/6.1.4/spring-expression-6.1.4.jar:/Users/kareemelewa/.m2/repository/org/springframework/cloud/spring-cloud-starter-openfeign/4.1.0/spring-cloud-starter-openfeign-4.1.0.jar:/Users/kareemelewa/.m2/repository/org/springframework/cloud/spring-cloud-starter/4.1.0/spring-cloud-starter-4.1.0.jar:/Users/kareemelewa/.m2/repository/org/springframework/cloud/spring-cloud-context/4.1.0/spring-cloud-context-4.1.0.jar:/Users/kareemelewa/.m2/repository/org/springframework/security/spring-security-rsa/1.1.1/spring-security-rsa-1.1.1.jar:/Users/kareemelewa/.m2/repository/org/bouncycastle/bcprov-jdk18on/1.74/bcprov-jdk18on-1.74.jar:/Users/kareemelewa/.m2/repository/org/springframework/cloud/spring-cloud-openfeign-core/4.1.0/spring-cloud-openfeign-core-4.1.0.jar:/Users/kareemelewa/.m2/repository/io/github/openfeign/form/feign-form-spring/3.8.0/feign-form-spring-3.8.0.jar:/Users/kareemelewa/.m2/repository/io/github/openfeign/form/feign-form/3.8.0/feign-form-3.8.0.jar:/Users/kareemelewa/.m2/repository/commons-fileupload/commons-fileupload/1.5/commons-fileupload-1.5.jar:/Users/kareemelewa/.m2/repository/org/springframework/cloud/spring-cloud-commons/4.1.0/spring-cloud-commons-4.1.0.jar:/Users/kareemelewa/.m2/repository/org/springframework/security/spring-security-crypto/6.2.2/spring-security-crypto-6.2.2.jar:/Users/kareemelewa/.m2/repository/io/github/openfeign/feign-core/13.1/feign-core-13.1.jar:/Users/kareemelewa/.m2/repository/io/github/openfeign/feign-slf4j/13.1/feign-slf4j-13.1.jar:/Users/kareemelewa/.m2/repository/org/springframework/kafka/spring-kafka/3.1.2/spring-kafka-3.1.2.jar:/Users/kareemelewa/.m2/repository/org/springframework/spring-context/6.1.4/spring-context-6.1.4.jar:/Users/kareemelewa/.m2/repository/org/springframework/spring-tx/6.1.4/spring-tx-6.1.4.jar:/Users/kareemelewa/.m2/repository/org/springframework/retry/spring-retry/2.0.5/spring-retry-2.0.5.jar:/Users/kareemelewa/.m2/repository/org/apache/kafka/kafka-clients/3.6.1/kafka-clients-3.6.1.jar:/Users/kareemelewa/.m2/repository/com/github/luben/zstd-jni/1.5.5-1/zstd-jni-1.5.5-1.jar:/Users/kareemelewa/.m2/repository/org/lz4/lz4-java/1.8.0/lz4-java-1.8.0.jar:/Users/kareemelewa/.m2/repository/org/xerial/snappy/snappy-java/1.1.10.5/snappy-java-1.1.10.5.jar:/Users/kareemelewa/.m2/repository/io/micrometer/micrometer-observation/1.12.3/micrometer-observation-1.12.3.jar:/Users/kareemelewa/.m2/repository/io/micrometer/micrometer-commons/1.12.3/micrometer-commons-1.12.3.jar:/Users/kareemelewa/.m2/repository/com/google/code/findbugs/jsr305/3.0.2/jsr305-3.0.2.jar:/Users/kareemelewa/.m2/repository/org/springframework/boot/spring-boot-starter-validation/3.2.3/spring-boot-starter-validation-3.2.3.jar:/Users/kareemelewa/.m2/repository/org/apache/tomcat/embed/tomcat-embed-el/10.1.19/tomcat-embed-el-10.1.19.jar:/Users/kareemelewa/.m2/repository/org/hibernate/validator/hibernate-validator/8.0.1.Final/hibernate-validator-8.0.1.Final.jar:/Users/kareemelewa/.m2/repository/jakarta/validation/jakarta.validation-api/3.0.2/jakarta.validation-api-3.0.2.jar:/Users/kareemelewa/.m2/repository/org/springframework/boot/spring-boot-devtools/3.2.3/spring-boot-devtools-3.2.3.jar:/Users/kareemelewa/.m2/repository/org/springframework/boot/spring-boot/3.2.3/spring-boot-3.2.3.jar:/Users/kareemelewa/.m2/repository/org/springframework/boot/spring-boot-autoconfigure/3.2.3/spring-boot-autoconfigure-3.2.3.jar:/Users/kareemelewa/.m2/repository/org/postgresql/postgresql/42.6.1/postgresql-42.6.1.jar:/Users/kareemelewa/.m2/repository/org/checkerframework/checker-qual/3.31.0/checker-qual-3.31.0.jar:/Users/kareemelewa/.m2/repository/org/springframework/boot/spring-boot-starter-test/3.2.3/spring-boot-starter-test-3.2.3.jar:/Users/kareemelewa/.m2/repository/org/springframework/boot/spring-boot-test/3.2.3/spring-boot-test-3.2.3.jar:/Users/kareemelewa/.m2/repository/org/springframework/boot/spring-boot-test-autoconfigure/3.2.3/spring-boot-test-autoconfigure-3.2.3.jar:/Users/kareemelewa/.m2/repository/com/jayway/jsonpath/json-path/2.9.0/json-path-2.9.0.jar:/Users/kareemelewa/.m2/repository/jakarta/xml/bind/jakarta.xml.bind-api/4.0.1/jakarta.xml.bind-api-4.0.1.jar:/Users/kareemelewa/.m2/repository/jakarta/activation/jakarta.activation-api/2.1.2/jakarta.activation-api-2.1.2.jar:/Users/kareemelewa/.m2/repository/net/minidev/json-smart/2.5.0/json-smart-2.5.0.jar:/Users/kareemelewa/.m2/repository/net/minidev/accessors-smart/2.5.0/accessors-smart-2.5.0.jar:/Users/kareemelewa/.m2/repository/org/ow2/asm/asm/9.3/asm-9.3.jar:/Users/kareemelewa/.m2/repository/org/assertj/assertj-core/3.24.2/assertj-core-3.24.2.jar:/Users/kareemelewa/.m2/repository/org/awaitility/awaitility/4.2.0/awaitility-4.2.0.jar:/Users/kareemelewa/.m2/repository/org/hamcrest/hamcrest/2.2/hamcrest-2.2.jar:/Users/kareemelewa/.m2/repository/org/junit/jupiter/junit-jupiter/5.10.2/junit-jupiter-5.10.2.jar:/Users/kareemelewa/.m2/repository/org/junit/jupiter/junit-jupiter-params/5.10.2/junit-jupiter-params-5.10.2.jar:/Users/kareemelewa/.m2/repository/org/junit/jupiter/junit-jupiter-engine/5.10.2/junit-jupiter-engine-5.10.2.jar:/Users/kareemelewa/.m2/repository/org/mockito/mockito-core/5.7.0/mockito-core-5.7.0.jar:/Users/kareemelewa/.m2/repository/net/bytebuddy/byte-buddy-agent/1.14.12/byte-buddy-agent-1.14.12.jar:/Users/kareemelewa/.m2/repository/org/objenesis/objenesis/3.3/objenesis-3.3.jar:/Users/kareemelewa/.m2/repository/org/mockito/mockito-junit-jupiter/5.7.0/mockito-junit-jupiter-5.7.0.jar:/Users/kareemelewa/.m2/repository/org/skyscreamer/jsonassert/1.5.1/jsonassert-1.5.1.jar:/Users/kareemelewa/.m2/repository/com/vaadin/external/google/android-json/0.0.20131108.vaadin1/android-json-0.0.20131108.vaadin1.jar:/Users/kareemelewa/.m2/repository/org/springframework/spring-core/6.1.4/spring-core-6.1.4.jar:/Users/kareemelewa/.m2/repository/org/springframework/spring-jcl/6.1.4/spring-jcl-6.1.4.jar:/Users/kareemelewa/.m2/repository/org/springframework/spring-test/6.1.4/spring-test-6.1.4.jar:/Users/kareemelewa/.m2/repository/org/xmlunit/xmlunit-core/2.9.1/xmlunit-core-2.9.1.jar:/Users/kareemelewa/.m2/repository/org/springframework/amqp/spring-rabbit-test/3.1.2/spring-rabbit-test-3.1.2.jar:/Users/kareemelewa/.m2/repository/org/springframework/amqp/spring-rabbit-junit/3.1.2/spring-rabbit-junit-3.1.2.jar:/Users/kareemelewa/.m2/repository/org/hamcrest/hamcrest-library/2.2/hamcrest-library-2.2.jar:/Users/kareemelewa/.m2/repository/org/hamcrest/hamcrest-core/2.2/hamcrest-core-2.2.jar:/Users/kareemelewa/.m2/repository/org/springframework/kafka/spring-kafka-test/3.1.2/spring-kafka-test-3.1.2.jar:/Users/kareemelewa/.m2/repository/org/apache/zookeeper/zookeeper/3.8.3/zookeeper-3.8.3.jar:/Users/kareemelewa/.m2/repository/org/apache/zookeeper/zookeeper-jute/3.8.3/zookeeper-jute-3.8.3.jar:/Users/kareemelewa/.m2/repository/org/apache/yetus/audience-annotations/0.12.0/audience-annotations-0.12.0.jar:/Users/kareemelewa/.m2/repository/io/netty/netty-handler/4.1.107.Final/netty-handler-4.1.107.Final.jar:/Users/kareemelewa/.m2/repository/io/netty/netty-common/4.1.107.Final/netty-common-4.1.107.Final.jar:/Users/kareemelewa/.m2/repository/io/netty/netty-resolver/4.1.107.Final/netty-resolver-4.1.107.Final.jar:/Users/kareemelewa/.m2/repository/io/netty/netty-buffer/4.1.107.Final/netty-buffer-4.1.107.Final.jar:/Users/kareemelewa/.m2/repository/io/netty/netty-transport/4.1.107.Final/netty-transport-4.1.107.Final.jar:/Users/kareemelewa/.m2/repository/io/netty/netty-transport-native-unix-common/4.1.107.Final/netty-transport-native-unix-common-4.1.107.Final.jar:/Users/kareemelewa/.m2/repository/io/netty/netty-codec/4.1.107.Final/netty-codec-4.1.107.Final.jar:/Users/kareemelewa/.m2/repository/io/netty/netty-transport-native-epoll/4.1.107.Final/netty-transport-native-epoll-4.1.107.Final.jar:/Users/kareemelewa/.m2/repository/io/netty/netty-transport-classes-epoll/4.1.107.Final/netty-transport-classes-epoll-4.1.107.Final.jar:/Users/kareemelewa/.m2/repository/ch/qos/logback/logback-core/1.4.14/logback-core-1.4.14.jar:/Users/kareemelewa/.m2/repository/ch/qos/logback/logback-classic/1.4.14/logback-classic-1.4.14.jar:/Users/kareemelewa/.m2/repository/commons-io/commons-io/2.11.0/commons-io-2.11.0.jar:/Users/kareemelewa/.m2/repository/org/apache/kafka/kafka-clients/3.6.1/kafka-clients-3.6.1-test.jar:/Users/kareemelewa/.m2/repository/org/apache/kafka/kafka-metadata/3.6.1/kafka-metadata-3.6.1.jar:/Users/kareemelewa/.m2/repository/org/apache/kafka/kafka-raft/3.6.1/kafka-raft-3.6.1.jar:/Users/kareemelewa/.m2/repository/com/yammer/metrics/metrics-core/2.2.0/metrics-core-2.2.0.jar:/Users/kareemelewa/.m2/repository/org/apache/kafka/kafka-server-common/3.6.1/kafka-server-common-3.6.1.jar:/Users/kareemelewa/.m2/repository/net/sf/jopt-simple/jopt-simple/5.0.4/jopt-simple-5.0.4.jar:/Users/kareemelewa/.m2/repository/org/pcollections/pcollections/4.0.1/pcollections-4.0.1.jar:/Users/kareemelewa/.m2/repository/org/apache/kafka/kafka-server-common/3.6.1/kafka-server-common-3.6.1-test.jar:/Users/kareemelewa/.m2/repository/org/apache/kafka/kafka-streams-test-utils/3.6.1/kafka-streams-test-utils-3.6.1.jar:/Users/kareemelewa/.m2/repository/org/apache/kafka/kafka-streams/3.6.1/kafka-streams-3.6.1.jar:/Users/kareemelewa/.m2/repository/org/rocksdb/rocksdbjni/7.9.2/rocksdbjni-7.9.2.jar:/Users/kareemelewa/.m2/repository/org/apache/kafka/kafka_2.13/3.6.1/kafka_2.13-3.6.1.jar:/Users/kareemelewa/.m2/repository/org/scala-lang/scala-library/2.13.11/scala-library-2.13.11.jar:/Users/kareemelewa/.m2/repository/org/apache/kafka/kafka-group-coordinator/3.6.1/kafka-group-coordinator-3.6.1.jar:/Users/kareemelewa/.m2/repository/org/apache/kafka/kafka-storage-api/3.6.1/kafka-storage-api-3.6.1.jar:/Users/kareemelewa/.m2/repository/org/apache/kafka/kafka-tools-api/3.6.1/kafka-tools-api-3.6.1.jar:/Users/kareemelewa/.m2/repository/org/apache/kafka/kafka-storage/3.6.1/kafka-storage-3.6.1.jar:/Users/kareemelewa/.m2/repository/com/github/ben-manes/caffeine/caffeine/3.1.8/caffeine-3.1.8.jar:/Users/kareemelewa/.m2/repository/com/google/errorprone/error_prone_annotations/2.21.1/error_prone_annotations-2.21.1.jar:/Users/kareemelewa/.m2/repository/net/sourceforge/argparse4j/argparse4j/0.7.0/argparse4j-0.7.0.jar:/Users/kareemelewa/.m2/repository/commons-validator/commons-validator/1.7/commons-validator-1.7.jar:/Users/kareemelewa/.m2/repository/commons-beanutils/commons-beanutils/1.9.4/commons-beanutils-1.9.4.jar:/Users/kareemelewa/.m2/repository/commons-digester/commons-digester/2.1/commons-digester-2.1.jar:/Users/kareemelewa/.m2/repository/commons-collections/commons-collections/3.2.2/commons-collections-3.2.2.jar:/Users/kareemelewa/.m2/repository/com/fasterxml/jackson/module/jackson-module-scala_2.13/2.15.4/jackson-module-scala_2.13-2.15.4.jar:/Users/kareemelewa/.m2/repository/com/thoughtworks/paranamer/paranamer/2.8/paranamer-2.8.jar:/Users/kareemelewa/.m2/repository/com/fasterxml/jackson/dataformat/jackson-dataformat-csv/2.15.4/jackson-dataformat-csv-2.15.4.jar:/Users/kareemelewa/.m2/repository/org/bitbucket/b_c/jose4j/0.9.3/jose4j-0.9.3.jar:/Users/kareemelewa/.m2/repository/org/scala-lang/modules/scala-collection-compat_2.13/2.10.0/scala-collection-compat_2.13-2.10.0.jar:/Users/kareemelewa/.m2/repository/org/scala-lang/modules/scala-java8-compat_2.13/1.0.2/scala-java8-compat_2.13-1.0.2.jar:/Users/kareemelewa/.m2/repository/org/scala-lang/scala-reflect/2.13.11/scala-reflect-2.13.11.jar:/Users/kareemelewa/.m2/repository/com/typesafe/scala-logging/scala-logging_2.13/3.9.4/scala-logging_2.13-3.9.4.jar:/Users/kareemelewa/.m2/repository/io/dropwizard/metrics/metrics-core/4.2.25/metrics-core-4.2.25.jar:/Users/kareemelewa/.m2/repository/commons-cli/commons-cli/1.4/commons-cli-1.4.jar:/Users/kareemelewa/.m2/repository/org/apache/kafka/kafka_2.13/3.6.1/kafka_2.13-3.6.1-test.jar:/Users/kareemelewa/.m2/repository/org/junit/jupiter/junit-jupiter-api/5.10.2/junit-jupiter-api-5.10.2.jar:/Users/kareemelewa/.m2/repository/org/opentest4j/opentest4j/1.3.0/opentest4j-1.3.0.jar:/Users/kareemelewa/.m2/repository/org/junit/platform/junit-platform-commons/1.10.2/junit-platform-commons-1.10.2.jar:/Users/kareemelewa/.m2/repository/org/apiguardian/apiguardian-api/1.1.2/apiguardian-api-1.1.2.jar:/Users/kareemelewa/.m2/repository/org/junit/platform/junit-platform-launcher/1.10.2/junit-platform-launcher-1.10.2.jar:/Users/kareemelewa/.m2/repository/org/junit/platform/junit-platform-engine/1.10.2/junit-platform-engine-1.10.2.jar:"/>
    <property name="java.vm.vendor" value="Oracle Corporation"/>
    <property name="sun.arch.data.model" value="64"/>
    <property name="java.vendor.url" value="https://java.oracle.com/"/>
    <property name="user.timezone" value="Africa/Cairo"/>
    <property name="os.name" value="Mac OS X"/>
    <property name="java.vm.specification.version" value="23"/>
    <property name="sun.java.launcher" value="SUN_STANDARD"/>
    <property name="user.country" value="EG"/>
    <property name="sun.boot.library.path" value="/Library/Java/JavaVirtualMachines/jdk-23.jdk/Contents/Home/lib"/>
    <property name="sun.java.command" value="/Users/kareemelewa/Desktop/FinalProject-100-Idk/UserMS/target/surefire/surefirebooter-20250518203832042_3.jar /Users/kareemelewa/Desktop/FinalProject-100-Idk/UserMS/target/surefire 2025-05-18T20-38-31_953-jvmRun1 surefire-20250518203832042_1tmp surefire_0-20250518203832042_2tmp"/>
    <property name="http.nonProxyHosts" value="local|*.local|169.254/16|*.169.254/16"/>
    <property name="jdk.debug" value="release"/>
    <property name="surefire.test.class.path" value="/Users/kareemelewa/Desktop/FinalProject-100-Idk/UserMS/target/test-classes:/Users/kareemelewa/Desktop/FinalProject-100-Idk/UserMS/target/classes:/Users/kareemelewa/.m2/repository/org/springframework/boot/spring-boot-starter-amqp/3.2.3/spring-boot-starter-amqp-3.2.3.jar:/Users/kareemelewa/.m2/repository/org/springframework/boot/spring-boot-starter/3.2.3/spring-boot-starter-3.2.3.jar:/Users/kareemelewa/.m2/repository/org/springframework/boot/spring-boot-starter-logging/3.2.3/spring-boot-starter-logging-3.2.3.jar:/Users/kareemelewa/.m2/repository/org/apache/logging/log4j/log4j-to-slf4j/2.21.1/log4j-to-slf4j-2.21.1.jar:/Users/kareemelewa/.m2/repository/org/apache/logging/log4j/log4j-api/2.21.1/log4j-api-2.21.1.jar:/Users/kareemelewa/.m2/repository/org/slf4j/jul-to-slf4j/2.0.12/jul-to-slf4j-2.0.12.jar:/Users/kareemelewa/.m2/repository/jakarta/annotation/jakarta.annotation-api/2.1.1/jakarta.annotation-api-2.1.1.jar:/Users/kareemelewa/.m2/repository/org/yaml/snakeyaml/2.2/snakeyaml-2.2.jar:/Users/kareemelewa/.m2/repository/org/springframework/spring-messaging/6.1.4/spring-messaging-6.1.4.jar:/Users/kareemelewa/.m2/repository/org/springframework/spring-beans/6.1.4/spring-beans-6.1.4.jar:/Users/kareemelewa/.m2/repository/org/springframework/amqp/spring-rabbit/3.1.2/spring-rabbit-3.1.2.jar:/Users/kareemelewa/.m2/repository/org/springframework/amqp/spring-amqp/3.1.2/spring-amqp-3.1.2.jar:/Users/kareemelewa/.m2/repository/com/rabbitmq/amqp-client/5.19.0/amqp-client-5.19.0.jar:/Users/kareemelewa/.m2/repository/org/springframework/boot/spring-boot-starter-data-jpa/3.2.3/spring-boot-starter-data-jpa-3.2.3.jar:/Users/kareemelewa/.m2/repository/org/springframework/boot/spring-boot-starter-aop/3.2.3/spring-boot-starter-aop-3.2.3.jar:/Users/kareemelewa/.m2/repository/org/springframework/spring-aop/6.1.4/spring-aop-6.1.4.jar:/Users/kareemelewa/.m2/repository/org/aspectj/aspectjweaver/1.9.21/aspectjweaver-1.9.21.jar:/Users/kareemelewa/.m2/repository/org/springframework/boot/spring-boot-starter-jdbc/3.2.3/spring-boot-starter-jdbc-3.2.3.jar:/Users/kareemelewa/.m2/repository/com/zaxxer/HikariCP/5.0.1/HikariCP-5.0.1.jar:/Users/kareemelewa/.m2/repository/org/springframework/spring-jdbc/6.1.4/spring-jdbc-6.1.4.jar:/Users/kareemelewa/.m2/repository/org/hibernate/orm/hibernate-core/6.4.4.Final/hibernate-core-6.4.4.Final.jar:/Users/kareemelewa/.m2/repository/jakarta/persistence/jakarta.persistence-api/3.1.0/jakarta.persistence-api-3.1.0.jar:/Users/kareemelewa/.m2/repository/jakarta/transaction/jakarta.transaction-api/2.0.1/jakarta.transaction-api-2.0.1.jar:/Users/kareemelewa/.m2/repository/org/jboss/logging/jboss-logging/3.5.3.Final/jboss-logging-3.5.3.Final.jar:/Users/kareemelewa/.m2/repository/org/hibernate/common/hibernate-commons-annotations/6.0.6.Final/hibernate-commons-annotations-6.0.6.Final.jar:/Users/kareemelewa/.m2/repository/io/smallrye/jandex/3.1.2/jandex-3.1.2.jar:/Users/kareemelewa/.m2/repository/com/fasterxml/classmate/1.6.0/classmate-1.6.0.jar:/Users/kareemelewa/.m2/repository/net/bytebuddy/byte-buddy/1.14.12/byte-buddy-1.14.12.jar:/Users/kareemelewa/.m2/repository/org/glassfish/jaxb/jaxb-runtime/4.0.4/jaxb-runtime-4.0.4.jar:/Users/kareemelewa/.m2/repository/org/glassfish/jaxb/jaxb-core/4.0.4/jaxb-core-4.0.4.jar:/Users/kareemelewa/.m2/repository/org/eclipse/angus/angus-activation/2.0.1/angus-activation-2.0.1.jar:/Users/kareemelewa/.m2/repository/org/glassfish/jaxb/txw2/4.0.4/txw2-4.0.4.jar:/Users/kareemelewa/.m2/repository/com/sun/istack/istack-commons-runtime/4.1.2/istack-commons-runtime-4.1.2.jar:/Users/kareemelewa/.m2/repository/jakarta/inject/jakarta.inject-api/2.0.1/jakarta.inject-api-2.0.1.jar:/Users/kareemelewa/.m2/repository/org/antlr/antlr4-runtime/4.13.0/antlr4-runtime-4.13.0.jar:/Users/kareemelewa/.m2/repository/org/springframework/data/spring-data-jpa/3.2.3/spring-data-jpa-3.2.3.jar:/Users/kareemelewa/.m2/repository/org/springframework/data/spring-data-commons/3.2.3/spring-data-commons-3.2.3.jar:/Users/kareemelewa/.m2/repository/org/springframework/spring-orm/6.1.4/spring-orm-6.1.4.jar:/Users/kareemelewa/.m2/repository/org/slf4j/slf4j-api/2.0.12/slf4j-api-2.0.12.jar:/Users/kareemelewa/.m2/repository/org/springframework/spring-aspects/6.1.4/spring-aspects-6.1.4.jar:/Users/kareemelewa/.m2/repository/org/springframework/boot/spring-boot-starter-data-rest/3.2.3/spring-boot-starter-data-rest-3.2.3.jar:/Users/kareemelewa/.m2/repository/org/springframework/data/spring-data-rest-webmvc/4.2.3/spring-data-rest-webmvc-4.2.3.jar:/Users/kareemelewa/.m2/repository/org/springframework/data/spring-data-rest-core/4.2.3/spring-data-rest-core-4.2.3.jar:/Users/kareemelewa/.m2/repository/org/springframework/hateoas/spring-hateoas/2.2.0/spring-hateoas-2.2.0.jar:/Users/kareemelewa/.m2/repository/org/springframework/plugin/spring-plugin-core/3.0.0/spring-plugin-core-3.0.0.jar:/Users/kareemelewa/.m2/repository/org/atteo/evo-inflector/1.3/evo-inflector-1.3.jar:/Users/kareemelewa/.m2/repository/com/fasterxml/jackson/core/jackson-databind/2.15.4/jackson-databind-2.15.4.jar:/Users/kareemelewa/.m2/repository/com/fasterxml/jackson/core/jackson-core/2.15.4/jackson-core-2.15.4.jar:/Users/kareemelewa/.m2/repository/com/fasterxml/jackson/core/jackson-annotations/2.15.4/jackson-annotations-2.15.4.jar:/Users/kareemelewa/.m2/repository/org/springframework/boot/spring-boot-starter-web/3.2.3/spring-boot-starter-web-3.2.3.jar:/Users/kareemelewa/.m2/repository/org/springframework/boot/spring-boot-starter-json/3.2.3/spring-boot-starter-json-3.2.3.jar:/Users/kareemelewa/.m2/repository/com/fasterxml/jackson/datatype/jackson-datatype-jdk8/2.15.4/jackson-datatype-jdk8-2.15.4.jar:/Users/kareemelewa/.m2/repository/com/fasterxml/jackson/datatype/jackson-datatype-jsr310/2.15.4/jackson-datatype-jsr310-2.15.4.jar:/Users/kareemelewa/.m2/repository/com/fasterxml/jackson/module/jackson-module-parameter-names/2.15.4/jackson-module-parameter-names-2.15.4.jar:/Users/kareemelewa/.m2/repository/org/springframework/boot/spring-boot-starter-tomcat/3.2.3/spring-boot-starter-tomcat-3.2.3.jar:/Users/kareemelewa/.m2/repository/org/apache/tomcat/embed/tomcat-embed-core/10.1.19/tomcat-embed-core-10.1.19.jar:/Users/kareemelewa/.m2/repository/org/apache/tomcat/embed/tomcat-embed-websocket/10.1.19/tomcat-embed-websocket-10.1.19.jar:/Users/kareemelewa/.m2/repository/org/springframework/spring-web/6.1.4/spring-web-6.1.4.jar:/Users/kareemelewa/.m2/repository/org/springframework/spring-webmvc/6.1.4/spring-webmvc-6.1.4.jar:/Users/kareemelewa/.m2/repository/org/springframework/spring-expression/6.1.4/spring-expression-6.1.4.jar:/Users/kareemelewa/.m2/repository/org/springframework/cloud/spring-cloud-starter-openfeign/4.1.0/spring-cloud-starter-openfeign-4.1.0.jar:/Users/kareemelewa/.m2/repository/org/springframework/cloud/spring-cloud-starter/4.1.0/spring-cloud-starter-4.1.0.jar:/Users/kareemelewa/.m2/repository/org/springframework/cloud/spring-cloud-context/4.1.0/spring-cloud-context-4.1.0.jar:/Users/kareemelewa/.m2/repository/org/springframework/security/spring-security-rsa/1.1.1/spring-security-rsa-1.1.1.jar:/Users/kareemelewa/.m2/repository/org/bouncycastle/bcprov-jdk18on/1.74/bcprov-jdk18on-1.74.jar:/Users/kareemelewa/.m2/repository/org/springframework/cloud/spring-cloud-openfeign-core/4.1.0/spring-cloud-openfeign-core-4.1.0.jar:/Users/kareemelewa/.m2/repository/io/github/openfeign/form/feign-form-spring/3.8.0/feign-form-spring-3.8.0.jar:/Users/kareemelewa/.m2/repository/io/github/openfeign/form/feign-form/3.8.0/feign-form-3.8.0.jar:/Users/kareemelewa/.m2/repository/commons-fileupload/commons-fileupload/1.5/commons-fileupload-1.5.jar:/Users/kareemelewa/.m2/repository/org/springframework/cloud/spring-cloud-commons/4.1.0/spring-cloud-commons-4.1.0.jar:/Users/kareemelewa/.m2/repository/org/springframework/security/spring-security-crypto/6.2.2/spring-security-crypto-6.2.2.jar:/Users/kareemelewa/.m2/repository/io/github/openfeign/feign-core/13.1/feign-core-13.1.jar:/Users/kareemelewa/.m2/repository/io/github/openfeign/feign-slf4j/13.1/feign-slf4j-13.1.jar:/Users/kareemelewa/.m2/repository/org/springframework/kafka/spring-kafka/3.1.2/spring-kafka-3.1.2.jar:/Users/kareemelewa/.m2/repository/org/springframework/spring-context/6.1.4/spring-context-6.1.4.jar:/Users/kareemelewa/.m2/repository/org/springframework/spring-tx/6.1.4/spring-tx-6.1.4.jar:/Users/kareemelewa/.m2/repository/org/springframework/retry/spring-retry/2.0.5/spring-retry-2.0.5.jar:/Users/kareemelewa/.m2/repository/org/apache/kafka/kafka-clients/3.6.1/kafka-clients-3.6.1.jar:/Users/kareemelewa/.m2/repository/com/github/luben/zstd-jni/1.5.5-1/zstd-jni-1.5.5-1.jar:/Users/kareemelewa/.m2/repository/org/lz4/lz4-java/1.8.0/lz4-java-1.8.0.jar:/Users/kareemelewa/.m2/repository/org/xerial/snappy/snappy-java/1.1.10.5/snappy-java-1.1.10.5.jar:/Users/kareemelewa/.m2/repository/io/micrometer/micrometer-observation/1.12.3/micrometer-observation-1.12.3.jar:/Users/kareemelewa/.m2/repository/io/micrometer/micrometer-commons/1.12.3/micrometer-commons-1.12.3.jar:/Users/kareemelewa/.m2/repository/com/google/code/findbugs/jsr305/3.0.2/jsr305-3.0.2.jar:/Users/kareemelewa/.m2/repository/org/springframework/boot/spring-boot-starter-validation/3.2.3/spring-boot-starter-validation-3.2.3.jar:/Users/kareemelewa/.m2/repository/org/apache/tomcat/embed/tomcat-embed-el/10.1.19/tomcat-embed-el-10.1.19.jar:/Users/kareemelewa/.m2/repository/org/hibernate/validator/hibernate-validator/8.0.1.Final/hibernate-validator-8.0.1.Final.jar:/Users/kareemelewa/.m2/repository/jakarta/validation/jakarta.validation-api/3.0.2/jakarta.validation-api-3.0.2.jar:/Users/kareemelewa/.m2/repository/org/springframework/boot/spring-boot-devtools/3.2.3/spring-boot-devtools-3.2.3.jar:/Users/kareemelewa/.m2/repository/org/springframework/boot/spring-boot/3.2.3/spring-boot-3.2.3.jar:/Users/kareemelewa/.m2/repository/org/springframework/boot/spring-boot-autoconfigure/3.2.3/spring-boot-autoconfigure-3.2.3.jar:/Users/kareemelewa/.m2/repository/org/postgresql/postgresql/42.6.1/postgresql-42.6.1.jar:/Users/kareemelewa/.m2/repository/org/checkerframework/checker-qual/3.31.0/checker-qual-3.31.0.jar:/Users/kareemelewa/.m2/repository/org/springframework/boot/spring-boot-starter-test/3.2.3/spring-boot-starter-test-3.2.3.jar:/Users/kareemelewa/.m2/repository/org/springframework/boot/spring-boot-test/3.2.3/spring-boot-test-3.2.3.jar:/Users/kareemelewa/.m2/repository/org/springframework/boot/spring-boot-test-autoconfigure/3.2.3/spring-boot-test-autoconfigure-3.2.3.jar:/Users/kareemelewa/.m2/repository/com/jayway/jsonpath/json-path/2.9.0/json-path-2.9.0.jar:/Users/kareemelewa/.m2/repository/jakarta/xml/bind/jakarta.xml.bind-api/4.0.1/jakarta.xml.bind-api-4.0.1.jar:/Users/kareemelewa/.m2/repository/jakarta/activation/jakarta.activation-api/2.1.2/jakarta.activation-api-2.1.2.jar:/Users/kareemelewa/.m2/repository/net/minidev/json-smart/2.5.0/json-smart-2.5.0.jar:/Users/kareemelewa/.m2/repository/net/minidev/accessors-smart/2.5.0/accessors-smart-2.5.0.jar:/Users/kareemelewa/.m2/repository/org/ow2/asm/asm/9.3/asm-9.3.jar:/Users/kareemelewa/.m2/repository/org/assertj/assertj-core/3.24.2/assertj-core-3.24.2.jar:/Users/kareemelewa/.m2/repository/org/awaitility/awaitility/4.2.0/awaitility-4.2.0.jar:/Users/kareemelewa/.m2/repository/org/hamcrest/hamcrest/2.2/hamcrest-2.2.jar:/Users/kareemelewa/.m2/repository/org/junit/jupiter/junit-jupiter/5.10.2/junit-jupiter-5.10.2.jar:/Users/kareemelewa/.m2/repository/org/junit/jupiter/junit-jupiter-params/5.10.2/junit-jupiter-params-5.10.2.jar:/Users/kareemelewa/.m2/repository/org/junit/jupiter/junit-jupiter-engine/5.10.2/junit-jupiter-engine-5.10.2.jar:/Users/kareemelewa/.m2/repository/org/mockito/mockito-core/5.7.0/mockito-core-5.7.0.jar:/Users/kareemelewa/.m2/repository/net/bytebuddy/byte-buddy-agent/1.14.12/byte-buddy-agent-1.14.12.jar:/Users/kareemelewa/.m2/repository/org/objenesis/objenesis/3.3/objenesis-3.3.jar:/Users/kareemelewa/.m2/repository/org/mockito/mockito-junit-jupiter/5.7.0/mockito-junit-jupiter-5.7.0.jar:/Users/kareemelewa/.m2/repository/org/skyscreamer/jsonassert/1.5.1/jsonassert-1.5.1.jar:/Users/kareemelewa/.m2/repository/com/vaadin/external/google/android-json/0.0.20131108.vaadin1/android-json-0.0.20131108.vaadin1.jar:/Users/kareemelewa/.m2/repository/org/springframework/spring-core/6.1.4/spring-core-6.1.4.jar:/Users/kareemelewa/.m2/repository/org/springframework/spring-jcl/6.1.4/spring-jcl-6.1.4.jar:/Users/kareemelewa/.m2/repository/org/springframework/spring-test/6.1.4/spring-test-6.1.4.jar:/Users/kareemelewa/.m2/repository/org/xmlunit/xmlunit-core/2.9.1/xmlunit-core-2.9.1.jar:/Users/kareemelewa/.m2/repository/org/springframework/amqp/spring-rabbit-test/3.1.2/spring-rabbit-test-3.1.2.jar:/Users/kareemelewa/.m2/repository/org/springframework/amqp/spring-rabbit-junit/3.1.2/spring-rabbit-junit-3.1.2.jar:/Users/kareemelewa/.m2/repository/org/hamcrest/hamcrest-library/2.2/hamcrest-library-2.2.jar:/Users/kareemelewa/.m2/repository/org/hamcrest/hamcrest-core/2.2/hamcrest-core-2.2.jar:/Users/kareemelewa/.m2/repository/org/springframework/kafka/spring-kafka-test/3.1.2/spring-kafka-test-3.1.2.jar:/Users/kareemelewa/.m2/repository/org/apache/zookeeper/zookeeper/3.8.3/zookeeper-3.8.3.jar:/Users/kareemelewa/.m2/repository/org/apache/zookeeper/zookeeper-jute/3.8.3/zookeeper-jute-3.8.3.jar:/Users/kareemelewa/.m2/repository/org/apache/yetus/audience-annotations/0.12.0/audience-annotations-0.12.0.jar:/Users/kareemelewa/.m2/repository/io/netty/netty-handler/4.1.107.Final/netty-handler-4.1.107.Final.jar:/Users/kareemelewa/.m2/repository/io/netty/netty-common/4.1.107.Final/netty-common-4.1.107.Final.jar:/Users/kareemelewa/.m2/repository/io/netty/netty-resolver/4.1.107.Final/netty-resolver-4.1.107.Final.jar:/Users/kareemelewa/.m2/repository/io/netty/netty-buffer/4.1.107.Final/netty-buffer-4.1.107.Final.jar:/Users/kareemelewa/.m2/repository/io/netty/netty-transport/4.1.107.Final/netty-transport-4.1.107.Final.jar:/Users/kareemelewa/.m2/repository/io/netty/netty-transport-native-unix-common/4.1.107.Final/netty-transport-native-unix-common-4.1.107.Final.jar:/Users/kareemelewa/.m2/repository/io/netty/netty-codec/4.1.107.Final/netty-codec-4.1.107.Final.jar:/Users/kareemelewa/.m2/repository/io/netty/netty-transport-native-epoll/4.1.107.Final/netty-transport-native-epoll-4.1.107.Final.jar:/Users/kareemelewa/.m2/repository/io/netty/netty-transport-classes-epoll/4.1.107.Final/netty-transport-classes-epoll-4.1.107.Final.jar:/Users/kareemelewa/.m2/repository/ch/qos/logback/logback-core/1.4.14/logback-core-1.4.14.jar:/Users/kareemelewa/.m2/repository/ch/qos/logback/logback-classic/1.4.14/logback-classic-1.4.14.jar:/Users/kareemelewa/.m2/repository/commons-io/commons-io/2.11.0/commons-io-2.11.0.jar:/Users/kareemelewa/.m2/repository/org/apache/kafka/kafka-clients/3.6.1/kafka-clients-3.6.1-test.jar:/Users/kareemelewa/.m2/repository/org/apache/kafka/kafka-metadata/3.6.1/kafka-metadata-3.6.1.jar:/Users/kareemelewa/.m2/repository/org/apache/kafka/kafka-raft/3.6.1/kafka-raft-3.6.1.jar:/Users/kareemelewa/.m2/repository/com/yammer/metrics/metrics-core/2.2.0/metrics-core-2.2.0.jar:/Users/kareemelewa/.m2/repository/org/apache/kafka/kafka-server-common/3.6.1/kafka-server-common-3.6.1.jar:/Users/kareemelewa/.m2/repository/net/sf/jopt-simple/jopt-simple/5.0.4/jopt-simple-5.0.4.jar:/Users/kareemelewa/.m2/repository/org/pcollections/pcollections/4.0.1/pcollections-4.0.1.jar:/Users/kareemelewa/.m2/repository/org/apache/kafka/kafka-server-common/3.6.1/kafka-server-common-3.6.1-test.jar:/Users/kareemelewa/.m2/repository/org/apache/kafka/kafka-streams-test-utils/3.6.1/kafka-streams-test-utils-3.6.1.jar:/Users/kareemelewa/.m2/repository/org/apache/kafka/kafka-streams/3.6.1/kafka-streams-3.6.1.jar:/Users/kareemelewa/.m2/repository/org/rocksdb/rocksdbjni/7.9.2/rocksdbjni-7.9.2.jar:/Users/kareemelewa/.m2/repository/org/apache/kafka/kafka_2.13/3.6.1/kafka_2.13-3.6.1.jar:/Users/kareemelewa/.m2/repository/org/scala-lang/scala-library/2.13.11/scala-library-2.13.11.jar:/Users/kareemelewa/.m2/repository/org/apache/kafka/kafka-group-coordinator/3.6.1/kafka-group-coordinator-3.6.1.jar:/Users/kareemelewa/.m2/repository/org/apache/kafka/kafka-storage-api/3.6.1/kafka-storage-api-3.6.1.jar:/Users/kareemelewa/.m2/repository/org/apache/kafka/kafka-tools-api/3.6.1/kafka-tools-api-3.6.1.jar:/Users/kareemelewa/.m2/repository/org/apache/kafka/kafka-storage/3.6.1/kafka-storage-3.6.1.jar:/Users/kareemelewa/.m2/repository/com/github/ben-manes/caffeine/caffeine/3.1.8/caffeine-3.1.8.jar:/Users/kareemelewa/.m2/repository/com/google/errorprone/error_prone_annotations/2.21.1/error_prone_annotations-2.21.1.jar:/Users/kareemelewa/.m2/repository/net/sourceforge/argparse4j/argparse4j/0.7.0/argparse4j-0.7.0.jar:/Users/kareemelewa/.m2/repository/commons-validator/commons-validator/1.7/commons-validator-1.7.jar:/Users/kareemelewa/.m2/repository/commons-beanutils/commons-beanutils/1.9.4/commons-beanutils-1.9.4.jar:/Users/kareemelewa/.m2/repository/commons-digester/commons-digester/2.1/commons-digester-2.1.jar:/Users/kareemelewa/.m2/repository/commons-collections/commons-collections/3.2.2/commons-collections-3.2.2.jar:/Users/kareemelewa/.m2/repository/com/fasterxml/jackson/module/jackson-module-scala_2.13/2.15.4/jackson-module-scala_2.13-2.15.4.jar:/Users/kareemelewa/.m2/repository/com/thoughtworks/paranamer/paranamer/2.8/paranamer-2.8.jar:/Users/kareemelewa/.m2/repository/com/fasterxml/jackson/dataformat/jackson-dataformat-csv/2.15.4/jackson-dataformat-csv-2.15.4.jar:/Users/kareemelewa/.m2/repository/org/bitbucket/b_c/jose4j/0.9.3/jose4j-0.9.3.jar:/Users/kareemelewa/.m2/repository/org/scala-lang/modules/scala-collection-compat_2.13/2.10.0/scala-collection-compat_2.13-2.10.0.jar:/Users/kareemelewa/.m2/repository/org/scala-lang/modules/scala-java8-compat_2.13/1.0.2/scala-java8-compat_2.13-1.0.2.jar:/Users/kareemelewa/.m2/repository/org/scala-lang/scala-reflect/2.13.11/scala-reflect-2.13.11.jar:/Users/kareemelewa/.m2/repository/com/typesafe/scala-logging/scala-logging_2.13/3.9.4/scala-logging_2.13-3.9.4.jar:/Users/kareemelewa/.m2/repository/io/dropwizard/metrics/metrics-core/4.2.25/metrics-core-4.2.25.jar:/Users/kareemelewa/.m2/repository/commons-cli/commons-cli/1.4/commons-cli-1.4.jar:/Users/kareemelewa/.m2/repository/org/apache/kafka/kafka_2.13/3.6.1/kafka_2.13-3.6.1-test.jar:/Users/kareemelewa/.m2/repository/org/junit/jupiter/junit-jupiter-api/5.10.2/junit-jupiter-api-5.10.2.jar:/Users/kareemelewa/.m2/repository/org/opentest4j/opentest4j/1.3.0/opentest4j-1.3.0.jar:/Users/kareemelewa/.m2/repository/org/junit/platform/junit-platform-commons/1.10.2/junit-platform-commons-1.10.2.jar:/Users/kareemelewa/.m2/repository/org/apiguardian/apiguardian-api/1.1.2/apiguardian-api-1.1.2.jar:/Users/kareemelewa/.m2/repository/org/junit/platform/junit-platform-launcher/1.10.2/junit-platform-launcher-1.10.2.jar:/Users/kareemelewa/.m2/repository/org/junit/platform/junit-platform-engine/1.10.2/junit-platform-engine-1.10.2.jar:"/>
    <property name="sun.cpu.endian" value="little"/>
    <property name="user.home" value="/Users/kareemelewa"/>
    <property name="user.language" value="en"/>
    <property name="java.specification.vendor" value="Oracle Corporation"/>
    <property name="java.version.date" value="2025-01-21"/>
    <property name="java.home" value="/Library/Java/JavaVirtualMachines/jdk-23.jdk/Contents/Home"/>
    <property name="file.separator" value="/"/>
    <property name="basedir" value="/Users/kareemelewa/Desktop/FinalProject-100-Idk/UserMS"/>
    <property name="java.vm.compressedOopsMode" value="Zero based"/>
    <property name="line.separator" value="&#10;"/>
    <property name="java.vm.specification.vendor" value="Oracle Corporation"/>
    <property name="java.specification.name" value="Java Platform API Specification"/>
    <property name="apple.awt.application.name" value="ForkedBooter"/>
    <property name="surefire.real.class.path" value="/Users/kareemelewa/Desktop/FinalProject-100-Idk/UserMS/target/surefire/surefirebooter-20250518203832042_3.jar"/>
    <property name="sun.management.compiler" value="HotSpot 64-Bit Tiered Compilers"/>
    <property name="ftp.nonProxyHosts" value="local|*.local|169.254/16|*.169.254/16"/>
    <property name="java.runtime.version" value="23.0.2+7-58"/>
    <property name="user.name" value="kareemelewa"/>
    <property name="stdout.encoding" value="UTF-8"/>
    <property name="path.separator" value=":"/>
    <property name="os.version" value="12.7.6"/>
    <property name="java.runtime.name" value="Java(TM) SE Runtime Environment"/>
    <property name="file.encoding" value="UTF-8"/>
    <property name="java.vm.name" value="Java HotSpot(TM) 64-Bit Server VM"/>
    <property name="localRepository" value="/Users/kareemelewa/.m2/repository"/>
    <property name="java.vendor.url.bug" value="https://bugreport.java.com/bugreport/"/>
    <property name="java.io.tmpdir" value="/var/folders/2d/lv1mfs1n3jd1k0n97dx8lhr80000gp/T/"/>
    <property name="java.version" value="23.0.2"/>
    <property name="user.dir" value="/Users/kareemelewa/Desktop/FinalProject-100-Idk/UserMS"/>
    <property name="os.arch" value="x86_64"/>
    <property name="java.vm.specification.name" value="Java Virtual Machine Specification"/>
    <property name="native.encoding" value="UTF-8"/>
    <property name="java.library.path" value="/Users/kareemelewa/Library/Java/Extensions:/Library/Java/Extensions:/Network/Library/Java/Extensions:/System/Library/Java/Extensions:/usr/lib/java:."/>
    <property name="java.vm.info" value="mixed mode, sharing"/>
    <property name="stderr.encoding" value="UTF-8"/>
    <property name="java.vendor" value="Oracle Corporation"/>
    <property name="java.vm.version" value="23.0.2+7-58"/>
    <property name="sun.io.unicode.encoding" value="UnicodeBig"/>
    <property name="socksNonProxyHosts" value="local|*.local|169.254/16|*.169.254/16"/>
    <property name="java.class.version" value="67.0"/>
  </properties>
  <testcase name="testAdminRepositoryFindByEmailNotFound" classname="com.example.UserMS.RepositoryTest" time="0.002"/>
  <testcase name="testInstructorRepositoryFindByName" classname="com.example.UserMS.RepositoryTest" time="0.002"/>
  <testcase name="testInstructorRepositoryFindByEmailFound" classname="com.example.UserMS.RepositoryTest" time="0.002"/>
  <testcase name="testStudentRepositoryFindByName" classname="com.example.UserMS.RepositoryTest" time="0.002"/>
  <testcase name="testAdminRepositoryFindByName" classname="com.example.UserMS.RepositoryTest" time="0.002"/>
  <testcase name="testAdminRepositoryFindByEmailFound" classname="com.example.UserMS.RepositoryTest" time="0.002"/>
  <testcase name="testInstructorRepositoryFindByEmailNotFound" classname="com.example.UserMS.RepositoryTest" time="0.001"/>
  <testcase name="testStudentRepositoryFindByEmailFound" classname="com.example.UserMS.RepositoryTest" time="0.001"/>
  <testcase name="testStudentRepositoryFindByEmailNotFound" classname="com.example.UserMS.RepositoryTest" time="0.001"/>
</testsuite>